Server running on http://localhost:3001
Error: Course not found
    at deleteCourseInternal (file:///home/howlader/Desktop/ClassMaterials/server.js:979:35)
    at file:///home/howlader/Desktop/ClassMaterials/server.js:1118:17
    at Layer.handleRequest (/home/howlader/Desktop/ClassMaterials/node_modules/router/lib/layer.js:152:17)
    at next (/home/howlader/Desktop/ClassMaterials/node_modules/router/lib/route.js:157:13)
    at Route.dispatch (/home/howlader/Desktop/ClassMaterials/node_modules/router/lib/route.js:117:3)
    at handle (/home/howlader/Desktop/ClassMaterials/node_modules/router/index.js:435:11)
    at Layer.handleRequest (/home/howlader/Desktop/ClassMaterials/node_modules/router/lib/layer.js:152:17)
    at /home/howlader/Desktop/ClassMaterials/node_modules/router/index.js:295:15
    at param (/home/howlader/Desktop/ClassMaterials/node_modules/router/index.js:600:14)
    at param (/home/howlader/Desktop/ClassMaterials/node_modules/router/index.js:610:14)
Error: Course not found
    at deleteCourseInternal (file:///home/howlader/Desktop/ClassMaterials/server.js:979:35)
    at file:///home/howlader/Desktop/ClassMaterials/server.js:1118:17
    at Layer.handleRequest (/home/howlader/Desktop/ClassMaterials/node_modules/router/lib/layer.js:152:17)
    at next (/home/howlader/Desktop/ClassMaterials/node_modules/router/lib/route.js:157:13)
    at Route.dispatch (/home/howlader/Desktop/ClassMaterials/node_modules/router/lib/route.js:117:3)
    at handle (/home/howlader/Desktop/ClassMaterials/node_modules/router/index.js:435:11)
    at Layer.handleRequest (/home/howlader/Desktop/ClassMaterials/node_modules/router/lib/layer.js:152:17)
    at /home/howlader/Desktop/ClassMaterials/node_modules/router/index.js:295:15
    at param (/home/howlader/Desktop/ClassMaterials/node_modules/router/index.js:600:14)
    at param (/home/howlader/Desktop/ClassMaterials/node_modules/router/index.js:610:14)
